<?xml version="1.0" encoding="UTF-8"?>
<!-- Generated by org.testng.reporters.JUnitXMLReporter -->
<testsuite ignored="1" hostname="DESKTOP-POD63J8" failures="0" tests="2" name="Test1" time="21.948" errors="0" timestamp="2020-11-25T11:12:56 IST">
  <testcase classname="Tests.AirbnbTests1" name="test1" time="0.0">
    <skipped/>
  </testcase> <!-- test1 -->
  <testcase classname="Tests.AirbnbTests1" name="test2" time="0.0">
    <skipped/>
  </testcase> <!-- test2 -->
  <testcase classname="Tests.AirbnbTests1" name="test3" time="0.0">
    <ignored/>
  </testcase> <!-- test3 -->
</testsuite> <!-- Test1 -->
